npm info it worked if it ends with ok
npm verb cli [
npm verb cli   '/usr/bin/node',
npm verb cli   '/usr/bin/npm',
npm verb cli   'i',
npm verb cli   'sqlite3',
npm verb cli   '--build-from-source',
npm verb cli   '--verbose'
npm verb cli ]
npm info using npm@6.14.10
npm info using node@v14.15.4
npm verb config Skipping project config: /root/.npmrc. (matches userconfig)
npm verb npm-session d3461f3b3eec2780
npm http fetch GET 304 https://registry.npmjs.org/sqlite3 176ms (from cache)
npm timing stage:loadCurrentTree Completed in 2393ms
npm timing stage:loadIdealTree:cloneCurrentTree Completed in 12ms
npm timing stage:loadIdealTree:loadShrinkwrap Completed in 1476ms
npm http fetch GET 304 https://registry.npmjs.org/node-addon-api 86ms (from cache)
npm http fetch GET 304 https://registry.npmjs.org/node-gyp 108ms (from cache)
npm http fetch GET 304 https://registry.npmjs.org/node-pre-gyp 132ms (from cache)
npm http fetch GET 304 https://registry.npmjs.org/mkdirp 203ms (from cache)
npm http fetch GET 304 https://registry.npmjs.org/fstream 205ms (from cache)
npm http fetch GET 304 https://registry.npmjs.org/nopt 208ms (from cache)
npm http fetch GET 304 https://registry.npmjs.org/npmlog 226ms (from cache)
npm http fetch GET 304 https://registry.npmjs.org/osenv 227ms (from cache)
npm http fetch GET 304 https://registry.npmjs.org/semver 235ms (from cache)
npm http fetch GET 304 https://registry.npmjs.org/rimraf 238ms (from cache)
npm http fetch GET 304 https://registry.npmjs.org/which 252ms (from cache)
npm http fetch GET 304 https://registry.npmjs.org/request 275ms (from cache)
npm http fetch GET 304 https://registry.npmjs.org/tar 279ms (from cache)
npm WARN deprecated request@2.88.2: request has been deprecated, see https://github.com/request/request/issues/3142
npm http fetch GET 304 https://registry.npmjs.org/abbrev 41ms (from cache)
npm http fetch GET 304 https://registry.npmjs.org/are-we-there-yet 92ms (from cache)
npm http fetch GET 304 https://registry.npmjs.org/gauge 93ms (from cache)
npm http fetch GET 304 https://registry.npmjs.org/console-control-strings 94ms (from cache)
npm http fetch GET 304 https://registry.npmjs.org/set-blocking 101ms (from cache)
npm http fetch GET 304 https://registry.npmjs.org/delegates 48ms (from cache)
npm http fetch GET 304 https://registry.npmjs.org/has-unicode 67ms (from cache)
npm http fetch GET 304 https://registry.npmjs.org/string-width 104ms (from cache)
npm http fetch GET 304 https://registry.npmjs.org/wide-align 106ms (from cache)
npm http fetch GET 304 https://registry.npmjs.org/strip-ansi 108ms (from cache)
npm http fetch GET 304 https://registry.npmjs.org/aproba 114ms (from cache)
npm http fetch GET 304 https://registry.npmjs.org/object-assign 114ms (from cache)
npm http fetch GET 304 https://registry.npmjs.org/signal-exit 123ms (from cache)
npm http fetch GET 304 https://registry.npmjs.org/is-fullwidth-code-point 61ms (from cache)
npm http fetch GET 304 https://registry.npmjs.org/code-point-at 63ms (from cache)
npm http fetch GET 304 https://registry.npmjs.org/number-is-nan 59ms (from cache)
npm http fetch GET 304 https://registry.npmjs.org/ansi-regex 40ms (from cache)
npm http fetch GET 304 https://registry.npmjs.org/os-homedir 46ms (from cache)
npm http fetch GET 304 https://registry.npmjs.org/os-tmpdir 50ms (from cache)
npm http fetch GET 304 https://registry.npmjs.org/aws-sign2 255ms (from cache)
npm http fetch GET 304 https://registry.npmjs.org/caseless 255ms (from cache)
npm http fetch GET 304 https://registry.npmjs.org/forever-agent 258ms (from cache)
npm http fetch GET 304 https://registry.npmjs.org/form-data 260ms (from cache)
npm http fetch GET 304 https://registry.npmjs.org/aws4 277ms (from cache)
npm http fetch GET 304 https://registry.npmjs.org/isstream 273ms (from cache)
npm http fetch GET 304 https://registry.npmjs.org/is-typedarray 280ms (from cache)
npm http fetch GET 304 https://registry.npmjs.org/http-signature 281ms (from cache)
npm http fetch GET 304 https://registry.npmjs.org/extend 284ms (from cache)
npm http fetch GET 304 https://registry.npmjs.org/har-validator 291ms (from cache)
npm WARN deprecated har-validator@5.1.5: this library is no longer supported
npm http fetch GET 200 https://registry.npmjs.org/uuid 30ms (from cache)
npm http fetch GET 304 https://registry.npmjs.org/json-stringify-safe 149ms (from cache)
npm http fetch GET 304 https://registry.npmjs.org/oauth-sign 152ms (from cache)
npm http fetch GET 304 https://registry.npmjs.org/performance-now 155ms (from cache)
npm http fetch GET 304 https://registry.npmjs.org/tough-cookie 125ms (from cache)
npm http fetch GET 304 https://registry.npmjs.org/tunnel-agent 125ms (from cache)
npm http fetch GET 304 https://registry.npmjs.org/qs 147ms (from cache)
npm http fetch GET 304 https://registry.npmjs.org/har-schema 49ms (from cache)
npm http fetch GET 304 https://registry.npmjs.org/ajv 57ms (from cache)
npm http fetch GET 304 https://registry.npmjs.org/fast-json-stable-stringify 67ms (from cache)
npm http fetch GET 304 https://registry.npmjs.org/fast-deep-equal 68ms (from cache)
npm http fetch GET 304 https://registry.npmjs.org/json-schema-traverse 77ms (from cache)
npm http fetch GET 304 https://registry.npmjs.org/uri-js 78ms (from cache)
npm http fetch GET 304 https://registry.npmjs.org/punycode 43ms (from cache)
npm http fetch GET 304 https://registry.npmjs.org/assert-plus 63ms (from cache)
npm http fetch GET 304 https://registry.npmjs.org/jsprim 67ms (from cache)
npm http fetch GET 304 https://registry.npmjs.org/sshpk 73ms (from cache)
npm http fetch GET 304 https://registry.npmjs.org/json-schema 43ms (from cache)
npm http fetch GET 304 https://registry.npmjs.org/extsprintf 48ms (from cache)
npm http fetch GET 304 https://registry.npmjs.org/verror 79ms (from cache)
npm http fetch GET 304 https://registry.npmjs.org/getpass 103ms (from cache)
npm http fetch GET 304 https://registry.npmjs.org/dashdash 105ms (from cache)
npm http fetch GET 304 https://registry.npmjs.org/jsbn 107ms (from cache)
npm http fetch GET 304 https://registry.npmjs.org/tweetnacl 108ms (from cache)
npm http fetch GET 304 https://registry.npmjs.org/ecc-jsbn 109ms (from cache)
npm http fetch GET 304 https://registry.npmjs.org/bcrypt-pbkdf 111ms (from cache)
npm http fetch GET 304 https://registry.npmjs.org/asn1 123ms (from cache)
npm http fetch GET 304 https://registry.npmjs.org/psl 34ms (from cache)
npm http fetch GET 200 https://registry.npmjs.org/block-stream 3ms (from cache)
npm http fetch GET 304 https://registry.npmjs.org/isexe 36ms (from cache)
npm http fetch GET 304 https://registry.npmjs.org/needle 99ms (from cache)
npm http fetch GET 304 https://registry.npmjs.org/rc 100ms (from cache)
npm http fetch GET 304 https://registry.npmjs.org/npm-packlist 104ms (from cache)
npm http fetch GET 304 https://registry.npmjs.org/detect-libc 108ms (from cache)
npm http fetch GET 304 https://registry.npmjs.org/debug 71ms (from cache)
npm http fetch GET 304 https://registry.npmjs.org/iconv-lite 74ms (from cache)
npm http fetch GET 304 https://registry.npmjs.org/sax 87ms (from cache)
npm http fetch GET 304 https://registry.npmjs.org/ms 34ms (from cache)
npm http fetch GET 304 https://registry.npmjs.org/ignore-walk 40ms (from cache)
npm http fetch GET 304 https://registry.npmjs.org/npm-normalize-package-bin 89ms (from cache)
npm http fetch GET 304 https://registry.npmjs.org/npm-bundled 140ms (from cache)
npm http fetch GET 304 https://registry.npmjs.org/deep-extend 68ms (from cache)
npm http fetch GET 304 https://registry.npmjs.org/strip-json-comments 76ms (from cache)
npm http fetch GET 304 https://registry.npmjs.org/ini 77ms (from cache)
npm http fetch GET 304 https://registry.npmjs.org/fs-minipass 96ms (from cache)
npm http fetch GET 304 https://registry.npmjs.org/minizlib 114ms (from cache)
npm http fetch GET 304 https://registry.npmjs.org/chownr 120ms (from cache)
npm http fetch GET 304 https://registry.npmjs.org/yallist 121ms (from cache)
npm http fetch GET 304 https://registry.npmjs.org/minipass 128ms (from cache)
npm timing stage:loadIdealTree:loadAllDepsIntoIdealTree Completed in 4266ms
npm timing stage:loadIdealTree Completed in 6237ms
npm timing stage:generateActionsToTake Completed in 195ms
npm verb correctMkdir /root/.npm/_locks correctMkdir not in flight; initializing
npm verb lock using /root/.npm/_locks/staging-4b9e621e77c1ced6.lock for /root/node_modules/.staging
npm timing audit submit Completed in 667ms
npm http fetch POST 200 https://registry.npmjs.org/-/npm/v1/security/audits/quick 666ms
npm timing audit body Completed in 22ms
npm timing action:extract Completed in 2098ms
npm timing action:finalize Completed in 200ms
npm timing action:refresh-package-json Completed in 720ms
npm info lifecycle abbrev@1.1.1~preinstall: abbrev@1.1.1
npm info lifecycle ansi-regex@2.1.1~preinstall: ansi-regex@2.1.1
npm info lifecycle aproba@1.2.0~preinstall: aproba@1.2.0
npm info lifecycle asn1@0.2.4~preinstall: asn1@0.2.4
npm info lifecycle assert-plus@1.0.0~preinstall: assert-plus@1.0.0
npm info lifecycle aws-sign2@0.7.0~preinstall: aws-sign2@0.7.0
npm info lifecycle aws4@1.11.0~preinstall: aws4@1.11.0
npm info lifecycle tweetnacl@0.14.5~preinstall: tweetnacl@0.14.5
npm info lifecycle bcrypt-pbkdf@1.0.2~preinstall: bcrypt-pbkdf@1.0.2
npm info lifecycle block-stream@0.0.9~preinstall: block-stream@0.0.9
npm info lifecycle caseless@0.12.0~preinstall: caseless@0.12.0
npm info lifecycle chownr@1.1.4~preinstall: chownr@1.1.4
npm info lifecycle code-point-at@1.1.0~preinstall: code-point-at@1.1.0
npm info lifecycle console-control-strings@1.1.0~preinstall: console-control-strings@1.1.0
npm info lifecycle dashdash@1.14.1~preinstall: dashdash@1.14.1
npm info lifecycle deep-extend@0.6.0~preinstall: deep-extend@0.6.0
npm info lifecycle delegates@1.0.0~preinstall: delegates@1.0.0
npm info lifecycle are-we-there-yet@1.1.5~preinstall: are-we-there-yet@1.1.5
npm info lifecycle detect-libc@1.0.3~preinstall: detect-libc@1.0.3
npm info lifecycle extend@3.0.2~preinstall: extend@3.0.2
npm info lifecycle extsprintf@1.3.0~preinstall: extsprintf@1.3.0
npm info lifecycle fast-deep-equal@3.1.3~preinstall: fast-deep-equal@3.1.3
npm info lifecycle fast-json-stable-stringify@2.1.0~preinstall: fast-json-stable-stringify@2.1.0
npm info lifecycle forever-agent@0.6.1~preinstall: forever-agent@0.6.1
npm info lifecycle form-data@2.3.3~preinstall: form-data@2.3.3
npm info lifecycle getpass@0.1.7~preinstall: getpass@0.1.7
npm info lifecycle har-schema@2.0.0~preinstall: har-schema@2.0.0
npm info lifecycle has-unicode@2.0.1~preinstall: has-unicode@2.0.1
npm info lifecycle iconv-lite@0.4.24~preinstall: iconv-lite@0.4.24
npm info lifecycle ignore-walk@3.0.3~preinstall: ignore-walk@3.0.3
npm info lifecycle ini@1.3.8~preinstall: ini@1.3.8
npm info lifecycle is-typedarray@1.0.0~preinstall: is-typedarray@1.0.0
npm info lifecycle isexe@2.0.0~preinstall: isexe@2.0.0
npm info lifecycle isstream@0.1.2~preinstall: isstream@0.1.2
npm info lifecycle jsbn@0.1.1~preinstall: jsbn@0.1.1
npm info lifecycle ecc-jsbn@0.1.2~preinstall: ecc-jsbn@0.1.2
npm info lifecycle json-schema@0.2.3~preinstall: json-schema@0.2.3
npm info lifecycle json-schema-traverse@0.4.1~preinstall: json-schema-traverse@0.4.1
npm info lifecycle json-stringify-safe@5.0.1~preinstall: json-stringify-safe@5.0.1
npm info lifecycle mkdirp@0.5.5~preinstall: mkdirp@0.5.5
npm info lifecycle ms@2.1.3~preinstall: ms@2.1.3
npm info lifecycle debug@3.2.7~preinstall: debug@3.2.7
npm info lifecycle semver@5.3.0~preinstall: semver@5.3.0
npm info lifecycle nopt@3.0.6~preinstall: nopt@3.0.6
npm info lifecycle npm-normalize-package-bin@1.0.1~preinstall: npm-normalize-package-bin@1.0.1
npm info lifecycle npm-bundled@1.1.1~preinstall: npm-bundled@1.1.1
npm info lifecycle npm-packlist@1.4.8~preinstall: npm-packlist@1.4.8
npm info lifecycle number-is-nan@1.0.1~preinstall: number-is-nan@1.0.1
npm info lifecycle is-fullwidth-code-point@1.0.0~preinstall: is-fullwidth-code-point@1.0.0
npm info lifecycle oauth-sign@0.9.0~preinstall: oauth-sign@0.9.0
npm info lifecycle sqlite3@5.0.1~preinstall: sqlite3@5.0.1
npm info lifecycle node-pre-gyp@0.11.0~preinstall: node-pre-gyp@0.11.0
npm info lifecycle node-gyp@3.8.0~preinstall: node-gyp@3.8.0
npm info lifecycle node-addon-api@3.1.0~preinstall: node-addon-api@3.1.0
npm info lifecycle tar@4.4.13~preinstall: tar@4.4.13
npm info lifecycle minizlib@1.3.3~preinstall: minizlib@1.3.3
npm info lifecycle fs-minipass@1.2.7~preinstall: fs-minipass@1.2.7
npm info lifecycle minipass@2.9.0~preinstall: minipass@2.9.0
npm info lifecycle yallist@3.1.1~preinstall: yallist@3.1.1
npm info lifecycle npmlog@4.1.2~preinstall: npmlog@4.1.2
npm info lifecycle gauge@2.7.4~preinstall: gauge@2.7.4
npm info lifecycle wide-align@1.1.3~preinstall: wide-align@1.1.3
npm info lifecycle which@1.3.1~preinstall: which@1.3.1
npm info lifecycle request@2.88.2~preinstall: request@2.88.2
npm info lifecycle http-signature@1.2.0~preinstall: http-signature@1.2.0
npm info lifecycle jsprim@1.4.1~preinstall: jsprim@1.4.1
npm info lifecycle verror@1.10.0~preinstall: verror@1.10.0
npm info lifecycle uuid@3.4.0~preinstall: uuid@3.4.0
npm info lifecycle har-validator@5.1.5~preinstall: har-validator@5.1.5
npm info lifecycle ajv@6.12.6~preinstall: ajv@6.12.6
npm info lifecycle uri-js@4.4.1~preinstall: uri-js@4.4.1
npm info lifecycle tunnel-agent@0.6.0~preinstall: tunnel-agent@0.6.0
npm info lifecycle tough-cookie@2.5.0~preinstall: tough-cookie@2.5.0
npm info lifecycle tar@2.2.2~preinstall: tar@2.2.2
npm info lifecycle rc@1.2.8~preinstall: rc@1.2.8
npm info lifecycle strip-json-comments@2.0.1~preinstall: strip-json-comments@2.0.1
npm info lifecycle string-width@1.0.2~preinstall: string-width@1.0.2
npm info lifecycle strip-ansi@3.0.1~preinstall: strip-ansi@3.0.1
npm info lifecycle sshpk@1.16.1~preinstall: sshpk@1.16.1
npm info lifecycle tweetnacl@0.14.5~preinstall: tweetnacl@0.14.5
npm info lifecycle signal-exit@3.0.3~preinstall: signal-exit@3.0.3
npm info lifecycle set-blocking@2.0.0~preinstall: set-blocking@2.0.0
npm info lifecycle needle@2.6.0~preinstall: needle@2.6.0
npm info lifecycle sax@1.2.4~preinstall: sax@1.2.4
npm info lifecycle fstream@1.0.12~preinstall: fstream@1.0.12
npm info lifecycle rimraf@2.7.1~preinstall: rimraf@2.7.1
npm info lifecycle qs@6.5.2~preinstall: qs@6.5.2
npm info lifecycle punycode@2.1.1~preinstall: punycode@2.1.1
npm info lifecycle psl@1.8.0~preinstall: psl@1.8.0
npm info lifecycle performance-now@2.1.0~preinstall: performance-now@2.1.0
npm info lifecycle nopt@4.0.3~preinstall: nopt@4.0.3
npm info lifecycle osenv@0.1.5~preinstall: osenv@0.1.5
npm info lifecycle os-tmpdir@1.0.2~preinstall: os-tmpdir@1.0.2
npm info lifecycle os-homedir@1.0.2~preinstall: os-homedir@1.0.2
npm info lifecycle object-assign@4.1.1~preinstall: object-assign@4.1.1
npm timing action:preinstall Completed in 39ms
npm info linkStuff abbrev@1.1.1
npm info linkStuff ansi-regex@2.1.1
npm info linkStuff aproba@1.2.0
npm info linkStuff asn1@0.2.4
npm info linkStuff assert-plus@1.0.0
npm info linkStuff aws-sign2@0.7.0
npm info linkStuff aws4@1.11.0
npm info linkStuff tweetnacl@0.14.5
npm info linkStuff bcrypt-pbkdf@1.0.2
npm info linkStuff block-stream@0.0.9
npm info linkStuff caseless@0.12.0
npm info linkStuff chownr@1.1.4
npm info linkStuff code-point-at@1.1.0
npm info linkStuff console-control-strings@1.1.0
npm info linkStuff dashdash@1.14.1
npm info linkStuff deep-extend@0.6.0
npm info linkStuff delegates@1.0.0
npm info linkStuff are-we-there-yet@1.1.5
npm info linkStuff detect-libc@1.0.3
npm verb linkBins [
npm verb linkBins   { 'detect-libc': 'bin/detect-libc.js' },
npm verb linkBins   '/root/node_modules/.bin',
npm verb linkBins   false
npm verb linkBins ]
npm info linkStuff extend@3.0.2
npm info linkStuff extsprintf@1.3.0
npm info linkStuff fast-deep-equal@3.1.3
npm info linkStuff fast-json-stable-stringify@2.1.0
npm info linkStuff forever-agent@0.6.1
npm info linkStuff form-data@2.3.3
npm info linkStuff getpass@0.1.7
npm info linkStuff har-schema@2.0.0
npm info linkStuff has-unicode@2.0.1
npm info linkStuff iconv-lite@0.4.24
npm info linkStuff ignore-walk@3.0.3
npm info linkStuff ini@1.3.8
npm info linkStuff is-typedarray@1.0.0
npm info linkStuff isexe@2.0.0
npm info linkStuff isstream@0.1.2
npm info linkStuff jsbn@0.1.1
npm info linkStuff ecc-jsbn@0.1.2
npm info linkStuff json-schema@0.2.3
npm info linkStuff json-schema-traverse@0.4.1
npm info linkStuff json-stringify-safe@5.0.1
npm info linkStuff mkdirp@0.5.5
npm verb linkBins [ { mkdirp: 'bin/cmd.js' }, '/root/node_modules/.bin', false ]
npm info linkStuff ms@2.1.3
npm info linkStuff debug@3.2.7
npm info linkStuff semver@5.3.0
npm verb linkBins [
npm verb linkBins   { semver: 'bin/semver' },
npm verb linkBins   '/root/node_modules/node-gyp/node_modules/.bin',
npm verb linkBins   false
npm verb linkBins ]
npm info linkStuff nopt@3.0.6
npm verb linkBins [ { nopt: 'bin/nopt.js' }, '/root/node_modules/.bin', false ]
npm info linkStuff npm-normalize-package-bin@1.0.1
npm info linkStuff npm-bundled@1.1.1
npm info linkStuff npm-packlist@1.4.8
npm info linkStuff number-is-nan@1.0.1
npm info linkStuff is-fullwidth-code-point@1.0.0
npm info linkStuff oauth-sign@0.9.0
npm info linkStuff object-assign@4.1.1
npm info linkStuff os-homedir@1.0.2
npm info linkStuff os-tmpdir@1.0.2
npm info linkStuff osenv@0.1.5
npm info linkStuff nopt@4.0.3
npm verb linkBins [
npm verb linkBins   { nopt: 'bin/nopt.js' },
npm verb linkBins   '/root/node_modules/node-pre-gyp/node_modules/.bin',
npm verb linkBins   false
npm verb linkBins ]
npm info linkStuff performance-now@2.1.0
npm info linkStuff psl@1.8.0
npm info linkStuff punycode@2.1.1
npm info linkStuff qs@6.5.2
npm info linkStuff rimraf@2.7.1
npm verb linkBins [ { rimraf: 'bin.js' }, '/root/node_modules/.bin', false ]
npm info linkStuff fstream@1.0.12
npm info linkStuff sax@1.2.4
npm info linkStuff needle@2.6.0
npm verb linkBins [ { needle: 'bin/needle' }, '/root/node_modules/.bin', false ]
npm info linkStuff set-blocking@2.0.0
npm info linkStuff signal-exit@3.0.3
npm info linkStuff tweetnacl@0.14.5
npm info linkStuff sshpk@1.16.1
npm verb linkBins [
npm verb linkBins   {
npm verb linkBins     'sshpk-conv': 'bin/sshpk-conv',
npm verb linkBins     'sshpk-sign': 'bin/sshpk-sign',
npm verb linkBins     'sshpk-verify': 'bin/sshpk-verify'
npm verb linkBins   },
npm verb linkBins   '/root/node_modules/.bin',
npm verb linkBins   false
npm verb linkBins ]
npm info linkStuff strip-ansi@3.0.1
npm info linkStuff string-width@1.0.2
npm info linkStuff strip-json-comments@2.0.1
npm info linkStuff rc@1.2.8
npm verb linkBins [ { rc: 'cli.js' }, '/root/node_modules/.bin', false ]
npm info linkStuff tar@2.2.2
npm info linkStuff tough-cookie@2.5.0
npm info linkStuff tunnel-agent@0.6.0
npm info linkStuff uri-js@4.4.1
npm info linkStuff ajv@6.12.6
npm info linkStuff har-validator@5.1.5
npm info linkStuff uuid@3.4.0
npm verb linkBins [ { uuid: 'bin/uuid' }, '/root/node_modules/.bin', false ]
npm info linkStuff verror@1.10.0
npm info linkStuff jsprim@1.4.1
npm info linkStuff http-signature@1.2.0
npm info linkStuff request@2.88.2
npm info linkStuff which@1.3.1
npm verb linkBins [ { which: 'bin/which' }, '/root/node_modules/.bin', false ]
npm info linkStuff wide-align@1.1.3
npm info linkStuff gauge@2.7.4
npm info linkStuff npmlog@4.1.2
npm info linkStuff yallist@3.1.1
npm info linkStuff minipass@2.9.0
npm info linkStuff fs-minipass@1.2.7
npm info linkStuff minizlib@1.3.3
npm info linkStuff tar@4.4.13
npm info linkStuff node-addon-api@3.1.0
npm info linkStuff node-gyp@3.8.0
npm verb linkBins [ { 'node-gyp': 'bin/node-gyp.js' }, '/root/node_modules/.bin', false ]
npm info linkStuff node-pre-gyp@0.11.0
npm verb linkBins [
npm verb linkBins   { 'node-pre-gyp': 'bin/node-pre-gyp' },
npm verb linkBins   '/root/node_modules/.bin',
npm verb linkBins   false
npm verb linkBins ]
npm info linkStuff sqlite3@5.0.1
npm timing action:build Completed in 81ms
npm info lifecycle abbrev@1.1.1~install: abbrev@1.1.1
npm info lifecycle ansi-regex@2.1.1~install: ansi-regex@2.1.1
npm info lifecycle aproba@1.2.0~install: aproba@1.2.0
npm info lifecycle asn1@0.2.4~install: asn1@0.2.4
npm info lifecycle assert-plus@1.0.0~install: assert-plus@1.0.0
npm info lifecycle aws-sign2@0.7.0~install: aws-sign2@0.7.0
npm info lifecycle aws4@1.11.0~install: aws4@1.11.0
npm info lifecycle tweetnacl@0.14.5~install: tweetnacl@0.14.5
npm info lifecycle bcrypt-pbkdf@1.0.2~install: bcrypt-pbkdf@1.0.2
npm info lifecycle block-stream@0.0.9~install: block-stream@0.0.9
npm info lifecycle caseless@0.12.0~install: caseless@0.12.0
npm info lifecycle chownr@1.1.4~install: chownr@1.1.4
npm info lifecycle code-point-at@1.1.0~install: code-point-at@1.1.0
npm info lifecycle console-control-strings@1.1.0~install: console-control-strings@1.1.0
npm info lifecycle dashdash@1.14.1~install: dashdash@1.14.1
npm info lifecycle deep-extend@0.6.0~install: deep-extend@0.6.0
npm info lifecycle delegates@1.0.0~install: delegates@1.0.0
npm info lifecycle are-we-there-yet@1.1.5~install: are-we-there-yet@1.1.5
npm info lifecycle detect-libc@1.0.3~install: detect-libc@1.0.3
npm info lifecycle extend@3.0.2~install: extend@3.0.2
npm info lifecycle extsprintf@1.3.0~install: extsprintf@1.3.0
npm info lifecycle fast-deep-equal@3.1.3~install: fast-deep-equal@3.1.3
npm info lifecycle fast-json-stable-stringify@2.1.0~install: fast-json-stable-stringify@2.1.0
npm info lifecycle forever-agent@0.6.1~install: forever-agent@0.6.1
npm info lifecycle form-data@2.3.3~install: form-data@2.3.3
npm info lifecycle getpass@0.1.7~install: getpass@0.1.7
npm info lifecycle har-schema@2.0.0~install: har-schema@2.0.0
npm info lifecycle has-unicode@2.0.1~install: has-unicode@2.0.1
npm info lifecycle iconv-lite@0.4.24~install: iconv-lite@0.4.24
npm info lifecycle ignore-walk@3.0.3~install: ignore-walk@3.0.3
npm info lifecycle ini@1.3.8~install: ini@1.3.8
npm info lifecycle is-typedarray@1.0.0~install: is-typedarray@1.0.0
npm info lifecycle isexe@2.0.0~install: isexe@2.0.0
npm info lifecycle isstream@0.1.2~install: isstream@0.1.2
npm info lifecycle jsbn@0.1.1~install: jsbn@0.1.1
npm info lifecycle ecc-jsbn@0.1.2~install: ecc-jsbn@0.1.2
npm info lifecycle json-schema@0.2.3~install: json-schema@0.2.3
npm info lifecycle json-schema-traverse@0.4.1~install: json-schema-traverse@0.4.1
npm info lifecycle json-stringify-safe@5.0.1~install: json-stringify-safe@5.0.1
npm info lifecycle mkdirp@0.5.5~install: mkdirp@0.5.5
npm info lifecycle ms@2.1.3~install: ms@2.1.3
npm info lifecycle debug@3.2.7~install: debug@3.2.7
npm info lifecycle semver@5.3.0~install: semver@5.3.0
npm info lifecycle nopt@3.0.6~install: nopt@3.0.6
npm info lifecycle npm-normalize-package-bin@1.0.1~install: npm-normalize-package-bin@1.0.1
npm info lifecycle npm-bundled@1.1.1~install: npm-bundled@1.1.1
npm info lifecycle npm-packlist@1.4.8~install: npm-packlist@1.4.8
npm info lifecycle number-is-nan@1.0.1~install: number-is-nan@1.0.1
npm info lifecycle is-fullwidth-code-point@1.0.0~install: is-fullwidth-code-point@1.0.0
npm info lifecycle oauth-sign@0.9.0~install: oauth-sign@0.9.0
npm info lifecycle object-assign@4.1.1~install: object-assign@4.1.1
npm info lifecycle os-homedir@1.0.2~install: os-homedir@1.0.2
npm info lifecycle os-tmpdir@1.0.2~install: os-tmpdir@1.0.2
npm info lifecycle osenv@0.1.5~install: osenv@0.1.5
npm info lifecycle nopt@4.0.3~install: nopt@4.0.3
npm info lifecycle performance-now@2.1.0~install: performance-now@2.1.0
npm info lifecycle psl@1.8.0~install: psl@1.8.0
npm info lifecycle punycode@2.1.1~install: punycode@2.1.1
npm info lifecycle qs@6.5.2~install: qs@6.5.2
npm info lifecycle rimraf@2.7.1~install: rimraf@2.7.1
npm info lifecycle fstream@1.0.12~install: fstream@1.0.12
npm info lifecycle sax@1.2.4~install: sax@1.2.4
npm info lifecycle needle@2.6.0~install: needle@2.6.0
npm info lifecycle set-blocking@2.0.0~install: set-blocking@2.0.0
npm info lifecycle signal-exit@3.0.3~install: signal-exit@3.0.3
npm info lifecycle tweetnacl@0.14.5~install: tweetnacl@0.14.5
npm info lifecycle sshpk@1.16.1~install: sshpk@1.16.1
npm info lifecycle strip-ansi@3.0.1~install: strip-ansi@3.0.1
npm info lifecycle string-width@1.0.2~install: string-width@1.0.2
npm info lifecycle strip-json-comments@2.0.1~install: strip-json-comments@2.0.1
npm info lifecycle rc@1.2.8~install: rc@1.2.8
npm info lifecycle tar@2.2.2~install: tar@2.2.2
npm info lifecycle tough-cookie@2.5.0~install: tough-cookie@2.5.0
npm info lifecycle tunnel-agent@0.6.0~install: tunnel-agent@0.6.0
npm info lifecycle uri-js@4.4.1~install: uri-js@4.4.1
npm info lifecycle ajv@6.12.6~install: ajv@6.12.6
npm info lifecycle har-validator@5.1.5~install: har-validator@5.1.5
npm info lifecycle uuid@3.4.0~install: uuid@3.4.0
npm info lifecycle verror@1.10.0~install: verror@1.10.0
npm info lifecycle jsprim@1.4.1~install: jsprim@1.4.1
npm info lifecycle http-signature@1.2.0~install: http-signature@1.2.0
npm info lifecycle request@2.88.2~install: request@2.88.2
npm info lifecycle which@1.3.1~install: which@1.3.1
npm info lifecycle wide-align@1.1.3~install: wide-align@1.1.3
npm info lifecycle gauge@2.7.4~install: gauge@2.7.4
npm info lifecycle npmlog@4.1.2~install: npmlog@4.1.2
npm info lifecycle yallist@3.1.1~install: yallist@3.1.1
npm info lifecycle minipass@2.9.0~install: minipass@2.9.0
npm info lifecycle fs-minipass@1.2.7~install: fs-minipass@1.2.7
npm info lifecycle minizlib@1.3.3~install: minizlib@1.3.3
npm info lifecycle tar@4.4.13~install: tar@4.4.13
npm info lifecycle node-addon-api@3.1.0~install: node-addon-api@3.1.0
npm info lifecycle node-gyp@3.8.0~install: node-gyp@3.8.0
npm info lifecycle node-pre-gyp@0.11.0~install: node-pre-gyp@0.11.0
npm info lifecycle sqlite3@5.0.1~install: sqlite3@5.0.1

> sqlite3@5.0.1 install /root/node_modules/sqlite3
> node-pre-gyp install --fallback-to-build

node-pre-gyp info it worked if it ends with ok
node-pre-gyp verb cli [
node-pre-gyp verb cli   '/usr/bin/node',
node-pre-gyp verb cli   '/root/node_modules/.bin/node-pre-gyp',
node-pre-gyp verb cli   'install',
node-pre-gyp verb cli   '--fallback-to-build'
node-pre-gyp verb cli ]
node-pre-gyp info using node-pre-gyp@0.11.0
node-pre-gyp info using node@14.15.4 | linux | x64
node-pre-gyp verb command install [ 'napi_build_version=6' ]
node-pre-gyp WARN Using request for node-pre-gyp https download 
node-pre-gyp info build requesting source compile
node-pre-gyp verb command build [ 'rebuild', 'napi_build_version=6' ]
gyp info it worked if it ends with ok
gyp verb cli [
gyp verb cli   '/usr/bin/node',
gyp verb cli   '/usr/lib/node_modules/npm/node_modules/node-gyp/bin/node-gyp.js',
gyp verb cli   'clean'
gyp verb cli ]
gyp info using node-gyp@5.1.0
gyp info using node@14.15.4 | linux | x64
gyp verb command clean []
gyp verb clean removing "build" directory
gyp info ok 
gyp info it worked if it ends with ok
gyp verb cli [
gyp verb cli   '/usr/bin/node',
gyp verb cli   '/usr/lib/node_modules/npm/node_modules/node-gyp/bin/node-gyp.js',
gyp verb cli   'configure',
gyp verb cli   '--fallback-to-build',
gyp verb cli   '--module=/root/node_modules/sqlite3/lib/binding/napi-v6-linux-x64/node_sqlite3.node',
gyp verb cli   '--module_name=node_sqlite3',
gyp verb cli   '--module_path=/root/node_modules/sqlite3/lib/binding/napi-v6-linux-x64',
gyp verb cli   '--napi_version=7',
gyp verb cli   '--node_abi_napi=napi',
gyp verb cli   '--napi_build_version=6',
gyp verb cli   '--node_napi_label=napi-v6'
gyp verb cli ]
gyp info using node-gyp@5.1.0
gyp info using node@14.15.4 | linux | x64
gyp verb command configure []
gyp verb find Python Python is not set from command line or npm configuration
gyp verb find Python Python is not set from environment variable PYTHON
gyp verb find Python checking if "python" can be used
gyp verb find Python - executing "python" to get executable path
gyp verb find Python - "python" is not in PATH or produced an error
gyp verb find Python checking if "python2" can be used
gyp verb find Python - executing "python2" to get executable path
gyp verb find Python - executable path is "/usr/bin/python2"
gyp verb find Python - executing "/usr/bin/python2" to get version
gyp verb find Python - version is "2.7.18"
gyp info find Python using Python version 2.7.18 found at "/usr/bin/python2"
gyp verb get node dir no --target version specified, falling back to host node version: 14.15.4
gyp verb command install [ '14.15.4' ]
gyp verb install input version string "14.15.4"
gyp verb install installing version: 14.15.4
gyp verb install --ensure was passed, so won't reinstall if already installed
gyp verb install version is already installed, need to check "installVersion"
gyp verb got "installVersion" 9
gyp verb needs "installVersion" 9
gyp verb install version is good
gyp verb get node dir target node version installed: 14.15.4
gyp verb build dir attempting to create "build" dir: /root/node_modules/sqlite3/build
gyp verb build dir "build" dir needed to be created? /root/node_modules/sqlite3/build
gyp verb build/config.gypi creating config file
gyp verb build/config.gypi writing out config file: /root/node_modules/sqlite3/build/config.gypi
gyp verb config.gypi checking for gypi file: /root/node_modules/sqlite3/config.gypi
gyp verb common.gypi checking for gypi file: /root/node_modules/sqlite3/common.gypi
gyp verb gyp gyp format was not specified; forcing "make"
gyp info spawn /usr/bin/python2
gyp info spawn args [
gyp info spawn args   '/usr/lib/node_modules/npm/node_modules/node-gyp/gyp/gyp_main.py',
gyp info spawn args   'binding.gyp',
gyp info spawn args   '-f',
gyp info spawn args   'make',
gyp info spawn args   '-I',
gyp info spawn args   '/root/node_modules/sqlite3/build/config.gypi',
gyp info spawn args   '-I',
gyp info spawn args   '/usr/lib/node_modules/npm/node_modules/node-gyp/addon.gypi',
gyp info spawn args   '-I',
gyp info spawn args   '/root/.cache/node-gyp/14.15.4/include/node/common.gypi',
gyp info spawn args   '-Dlibrary=shared_library',
gyp info spawn args   '-Dvisibility=default',
gyp info spawn args   '-Dnode_root_dir=/root/.cache/node-gyp/14.15.4',
gyp info spawn args   '-Dnode_gyp_dir=/usr/lib/node_modules/npm/node_modules/node-gyp',
gyp info spawn args   '-Dnode_lib_file=/root/.cache/node-gyp/14.15.4/<(target_arch)/node.lib',
gyp info spawn args   '-Dmodule_root_dir=/root/node_modules/sqlite3',
gyp info spawn args   '-Dnode_engine=v8',
gyp info spawn args   '--depth=.',
gyp info spawn args   '--no-parallel',
gyp info spawn args   '--generator-output',
gyp info spawn args   'build',
gyp info spawn args   '-Goutput_dir=.'
gyp info spawn args ]
gyp info ok 
gyp info it worked if it ends with ok
gyp verb cli [
gyp verb cli   '/usr/bin/node',
gyp verb cli   '/usr/lib/node_modules/npm/node_modules/node-gyp/bin/node-gyp.js',
gyp verb cli   'build',
gyp verb cli   '--fallback-to-build',
gyp verb cli   '--module=/root/node_modules/sqlite3/lib/binding/napi-v6-linux-x64/node_sqlite3.node',
gyp verb cli   '--module_name=node_sqlite3',
gyp verb cli   '--module_path=/root/node_modules/sqlite3/lib/binding/napi-v6-linux-x64',
gyp verb cli   '--napi_version=7',
gyp verb cli   '--node_abi_napi=napi',
gyp verb cli   '--napi_build_version=6',
gyp verb cli   '--node_napi_label=napi-v6'
gyp verb cli ]
gyp info using node-gyp@5.1.0
gyp info using node@14.15.4 | linux | x64
gyp verb command build []
gyp verb build type Release
gyp verb architecture x64
gyp verb node dev dir /root/.cache/node-gyp/14.15.4
gyp verb `which` succeeded for `make` /usr/bin/make
gyp info spawn make
gyp info spawn args [ 'V=1', 'BUILDTYPE=Release', '-C', 'build' ]
make: Entering directory '/root/node_modules/sqlite3/build'
  cc '-DNODE_GYP_MODULE_NAME=nothing' '-DUSING_UV_SHARED=1' '-DUSING_V8_SHARED=1' '-DV8_DEPRECATION_WARNINGS=1' '-DV8_DEPRECATION_WARNINGS' '-DV8_IMMINENT_DEPRECATION_WARNINGS' '-D_LARGEFILE_SOURCE' '-D_FILE_OFFSET_BITS=64' '-D__STDC_FORMAT_MACROS' '-DOPENSSL_NO_PINSHARED' '-DOPENSSL_THREADS' -I/root/.cache/node-gyp/14.15.4/include/node -I/root/.cache/node-gyp/14.15.4/src -I/root/.cache/node-gyp/14.15.4/deps/openssl/config -I/root/.cache/node-gyp/14.15.4/deps/openssl/openssl/include -I/root/.cache/node-gyp/14.15.4/deps/uv/include -I/root/.cache/node-gyp/14.15.4/deps/zlib -I/root/.cache/node-gyp/14.15.4/deps/v8/include  -fPIC -pthread -Wall -Wextra -Wno-unused-parameter -m64 -O3 -fno-omit-frame-pointer  -MMD -MF ./Release/.deps/Release/obj.target/nothing/../node-addon-api/nothing.o.d.raw   -c -o Release/obj.target/nothing/../node-addon-api/nothing.o ../../node-addon-api/nothing.c
  rm -f Release/obj.target/../node-addon-api/nothing.a && ar crs Release/obj.target/../node-addon-api/nothing.a Release/obj.target/nothing/../node-addon-api/nothing.o
  rm -rf "Release/nothing.a" && cp -af "Release/obj.target/../node-addon-api/nothing.a" "Release/nothing.a"
  LD_LIBRARY_PATH=/root/node_modules/sqlite3/build/Release/lib.host:/root/node_modules/sqlite3/build/Release/lib.target:$LD_LIBRARY_PATH; export LD_LIBRARY_PATH; cd ../deps; mkdir -p /root/node_modules/sqlite3/build/Release/obj/gen/sqlite-autoconf-3320300; python ./extract.py ./sqlite-autoconf-3320300.tar.gz "/root/node_modules/sqlite3/build/Release/obj/gen"
/bin/sh: 1: python: not found
make: *** [deps/action_before_build.target.mk:13: Release/obj/gen/sqlite-autoconf-3320300/sqlite3.c] Error 127
make: Leaving directory '/root/node_modules/sqlite3/build'
gyp ERR! build error 
gyp ERR! stack Error: `make` failed with exit code: 2
gyp ERR! stack     at ChildProcess.onExit (/usr/lib/node_modules/npm/node_modules/node-gyp/lib/build.js:194:23)
gyp ERR! stack     at ChildProcess.emit (events.js:315:20)
gyp ERR! stack     at Process.ChildProcess._handle.onexit (internal/child_process.js:277:12)
gyp ERR! System Linux 5.4.0-29-generic
gyp ERR! command "/usr/bin/node" "/usr/lib/node_modules/npm/node_modules/node-gyp/bin/node-gyp.js" "build" "--fallback-to-build" "--module=/root/node_modules/sqlite3/lib/binding/napi-v6-linux-x64/node_sqlite3.node" "--module_name=node_sqlite3" "--module_path=/root/node_modules/sqlite3/lib/binding/napi-v6-linux-x64" "--napi_version=7" "--node_abi_napi=napi" "--napi_build_version=6" "--node_napi_label=napi-v6"
gyp ERR! cwd /root/node_modules/sqlite3
gyp ERR! node -v v14.15.4
gyp ERR! node-gyp -v v5.1.0
gyp ERR! not ok 
node-pre-gyp ERR! build error 
node-pre-gyp ERR! stack Error: Failed to execute '/usr/bin/node /usr/lib/node_modules/npm/node_modules/node-gyp/bin/node-gyp.js build --fallback-to-build --module=/root/node_modules/sqlite3/lib/binding/napi-v6-linux-x64/node_sqlite3.node --module_name=node_sqlite3 --module_path=/root/node_modules/sqlite3/lib/binding/napi-v6-linux-x64 --napi_version=7 --node_abi_napi=napi --napi_build_version=6 --node_napi_label=napi-v6' (1)
node-pre-gyp ERR! stack     at ChildProcess.<anonymous> (/root/node_modules/node-pre-gyp/lib/util/compile.js:83:29)
node-pre-gyp ERR! stack     at ChildProcess.emit (events.js:315:20)
node-pre-gyp ERR! stack     at maybeClose (internal/child_process.js:1048:16)
node-pre-gyp ERR! stack     at Process.ChildProcess._handle.onexit (internal/child_process.js:288:5)
node-pre-gyp ERR! System Linux 5.4.0-29-generic
node-pre-gyp ERR! command "/usr/bin/node" "/root/node_modules/.bin/node-pre-gyp" "install" "--fallback-to-build"
node-pre-gyp ERR! cwd /root/node_modules/sqlite3
node-pre-gyp ERR! node -v v14.15.4
node-pre-gyp ERR! node-pre-gyp -v v0.11.0
node-pre-gyp ERR! not ok 
Failed to execute '/usr/bin/node /usr/lib/node_modules/npm/node_modules/node-gyp/bin/node-gyp.js build --fallback-to-build --module=/root/node_modules/sqlite3/lib/binding/napi-v6-linux-x64/node_sqlite3.node --module_name=node_sqlite3 --module_path=/root/node_modules/sqlite3/lib/binding/napi-v6-linux-x64 --napi_version=7 --node_abi_napi=napi --napi_build_version=6 --node_napi_label=napi-v6' (1)
npm verb lifecycle sqlite3@5.0.1~install: unsafe-perm in lifecycle false
npm verb lifecycle sqlite3@5.0.1~install: PATH: /usr/lib/node_modules/npm/node_modules/npm-lifecycle/node-gyp-bin:/root/node_modules/sqlite3/node_modules/.bin:/root/node_modules/.bin:/usr/local/sbin:/usr/local/bin:/usr/sbin:/usr/bin:/sbin:/bin:/usr/games:/usr/local/games:/snap/bin
npm verb lifecycle sqlite3@5.0.1~install: CWD: /root/node_modules/sqlite3
npm info lifecycle sqlite3@5.0.1~install: Failed to exec install script
npm timing action:install Completed in 2340ms
npm verb unlock done using /root/.npm/_locks/staging-4b9e621e77c1ced6.lock for /root/node_modules/.staging
npm timing stage:rollbackFailedOptional Completed in 666ms
npm timing stage:runTopLevelLifecycles Completed in 15628ms
npm WARN package@1.0.0 No description
npm WARN package@1.0.0 No repository field.
npm WARN optional SKIPPING OPTIONAL DEPENDENCY: fsevents@2.3.1 (node_modules/fsevents):
npm WARN notsup SKIPPING OPTIONAL DEPENDENCY: Unsupported platform for fsevents@2.3.1: wanted {"os":"darwin","arch":"any"} (current: {"os":"linux","arch":"x64"})
npm verb notsup SKIPPING OPTIONAL DEPENDENCY: Valid OS:    darwin
npm verb notsup SKIPPING OPTIONAL DEPENDENCY: Valid Arch:  any
npm verb notsup SKIPPING OPTIONAL DEPENDENCY: Actual OS:   linux
npm verb notsup SKIPPING OPTIONAL DEPENDENCY: Actual Arch: x64

npm verb stack Error: sqlite3@5.0.1 install: `node-pre-gyp install --fallback-to-build`
npm verb stack Exit status 1
npm verb stack     at EventEmitter.<anonymous> (/usr/lib/node_modules/npm/node_modules/npm-lifecycle/index.js:332:16)
npm verb stack     at EventEmitter.emit (events.js:315:20)
npm verb stack     at ChildProcess.<anonymous> (/usr/lib/node_modules/npm/node_modules/npm-lifecycle/lib/spawn.js:55:14)
npm verb stack     at ChildProcess.emit (events.js:315:20)
npm verb stack     at maybeClose (internal/child_process.js:1048:16)
npm verb stack     at Process.ChildProcess._handle.onexit (internal/child_process.js:288:5)
npm verb pkgid sqlite3@5.0.1
npm verb cwd /root/JSBotCivilization
npm verb Linux 5.4.0-29-generic
npm verb argv "/usr/bin/node" "/usr/bin/npm" "i" "sqlite3" "--build-from-source" "--verbose"
npm verb node v14.15.4
npm verb npm  v6.14.10
npm ERR! code ELIFECYCLE
npm ERR! errno 1
npm ERR! sqlite3@5.0.1 install: `node-pre-gyp install --fallback-to-build`
npm ERR! Exit status 1
npm ERR! 
npm ERR! Failed at the sqlite3@5.0.1 install script.
npm ERR! This is probably not a problem with npm. There is likely additional logging output above.
npm verb exit [ 1, true ]
npm timing npm Completed in 17001ms

npm ERR! A complete log of this run can be found in:
npm ERR!     /root/.npm/_logs/2021-02-06T21_54_46_579Z-debug.log
